<?xml version="1.0" encoding="utf-8"?><testsuites name="pytest tests"><testsuite name="pytest" errors="0" failures="0" skipped="1" tests="692" time="97.897" timestamp="2026-09-03T22:15:57.448166+05:30" hostname="LAPTOP-GARQSFUQ"><testcase classname="tests.audit.test_log" name="test_new_record_stamps_identity_and_real_time" time="0.001" /><testcase classname="tests.audit.test_log" name="test_appended_records_come_back" time="0.031" /><testcase classname="tests.audit.test_log" name="test_reconstruct_returns_one_subjects_story_in_virtual_time_order" time="0.030" /><testcase classname="tests.audit.test_log" name="test_records_at_the_same_virtual_time_reconstruct_in_append_order" time="0.031" /><testcase classname="tests.audit.test_log" name="test_the_log_survives_being_reopened" time="0.032" /><testcase classname="tests.audit.test_log" name="test_the_jsonl_mirror_is_written_line_per_record" time="0.037" /><testcase classname="tests.audit.test_log" name="test_the_table_has_no_update_or_delete_path" time="0.025" /><testcase classname="tests.audit.test_log" name="test_export_csv_writes_one_row_per_record" time="0.033" /><testcase classname="tests.audit.test_log" name="test_export_json_round_trips" time="0.038" /><testcase classname="tests.audit.test_log" name="test_sqlite_actually_holds_the_rows" time="0.041" /><testcase classname="tests.classify.test_accuracy" name="test_the_table_alone_is_right_about_five_times_in_six" time="0.038" /><testcase classname="tests.classify.test_accuracy" name="test_the_table_alone_never_resolves_an_ambiguous_reason" time="0.006" /><testcase classname="tests.classify.test_accuracy" name="test_the_model_resolves_almost_all_of_what_the_table_refuses" time="0.011" /><testcase classname="tests.classify.test_accuracy" name="test_the_model_earns_its_place_in_the_pipeline" time="0.014" /><testcase classname="tests.classify.test_accuracy" name="test_the_residual_error_is_the_generators_doing_not_the_classifiers" time="0.009" /><testcase classname="tests.classify.test_ambiguity_gap" name="test_the_table_cannot_resolve_the_only_string_razorpay_sends" time="0.001" /><testcase classname="tests.classify.test_ambiguity_gap" name="test_a_generic_decline_with_no_model_is_unclassified_not_guessed" time="0.001" /><testcase classname="tests.classify.test_ambiguity_gap" name="test_the_measured_distribution_is_far_less_ambiguous_than_production" time="0.039" /><testcase classname="tests.classify.test_engine" name="test_an_unambiguous_reason_never_reaches_the_model" time="0.003" /><testcase classname="tests.classify.test_engine" name="test_an_ambiguous_reason_is_escalated_to_the_model" time="0.005" /><testcase classname="tests.classify.test_engine" name="test_with_no_client_at_all_an_ambiguous_reason_still_gets_a_class" time="0.001" /><testcase classname="tests.classify.test_engine" name="test_classify_always_returns_a_classification_for_every_reason" time="0.004" /><testcase classname="tests.classify.test_llm_resolver" name="test_the_prompt_carries_the_signals_the_model_needs" time="0.002" /><testcase classname="tests.classify.test_llm_resolver" name="test_the_system_prompt_lists_the_allowed_classes" time="0.000" /><testcase classname="tests.classify.test_llm_resolver" name="test_a_well_formed_answer_is_accepted" time="0.004" /><testcase classname="tests.classify.test_llm_resolver" name="test_json_wrapped_in_prose_or_fences_is_still_read" time="0.004" /><testcase classname="tests.classify.test_llm_resolver" name="test_an_invented_class_falls_back_instead_of_being_trusted" time="0.003" /><testcase classname="tests.classify.test_llm_resolver" name="test_unparseable_output_falls_back" time="0.004" /><testcase classname="tests.classify.test_llm_resolver" name="test_an_out_of_range_confidence_is_clamped_not_rejected" time="0.003" /><testcase classname="tests.classify.test_llm_resolver" name="test_an_unreachable_model_falls_back_rather_than_raising" time="0.003" /><testcase classname="tests.classify.test_llm_resolver" name="test_a_truncated_response_falls_back_rather_than_half_parsing" time="0.003" /><testcase classname="tests.classify.test_llm_resolver" name="test_the_token_budget_leaves_room_for_a_model_that_reasons_first" time="0.000" /><testcase classname="tests.classify.test_taxonomy" name="test_every_spec_reason_string_maps_to_its_spec_class[insufficient_funds-INSUFFICIENT_FUNDS]" time="0.001" /><testcase classname="tests.classify.test_taxonomy" name="test_every_spec_reason_string_maps_to_its_spec_class[card_expired-INSTRUMENT_INVALID]" time="0.001" /><testcase classname="tests.classify.test_taxonomy" name="test_every_spec_reason_string_maps_to_its_spec_class[card_not_enrolled-INSTRUMENT_INVALID]" time="0.001" /><testcase classname="tests.classify.test_taxonomy" name="test_every_spec_reason_string_maps_to_its_spec_class[card_disabled_for_online_payments-INSTRUMENT_INVALID]" time="0.001" /><testcase classname="tests.classify.test_taxonomy" name="test_every_spec_reason_string_maps_to_its_spec_class[debit_instrument_inactive-INSTRUMENT_INVALID]" time="0.001" /><testcase classname="tests.classify.test_taxonomy" name="test_every_spec_reason_string_maps_to_its_spec_class[debit_instrument_blocked-INSTRUMENT_INVALID]" time="0.001" /><testcase classname="tests.classify.test_taxonomy" name="test_every_spec_reason_string_maps_to_its_spec_class[subscription_cancelled-MANDATE_REVOKED]" time="0.001" /><testcase classname="tests.classify.test_taxonomy" name="test_every_spec_reason_string_maps_to_its_spec_class[bank_technical_error-TRANSIENT_ISSUER]" time="0.001" /><testcase classname="tests.classify.test_taxonomy" name="test_every_spec_reason_string_maps_to_its_spec_class[gateway_technical_error-TRANSIENT_ISSUER]" time="0.001" /><testcase classname="tests.classify.test_taxonomy" name="test_every_spec_reason_string_maps_to_its_spec_class[payment_risk_check_failed-RISK_DECLINE]" time="0.001" /><testcase classname="tests.classify.test_taxonomy" name="test_every_spec_reason_string_maps_to_its_spec_class[authentication_failed-UNCLASSIFIED]" time="0.001" /><testcase classname="tests.classify.test_taxonomy" name="test_every_spec_reason_string_maps_to_its_spec_class[incorrect_cvv-UNCLASSIFIED]" time="0.001" /><testcase classname="tests.classify.test_taxonomy" name="test_every_spec_reason_string_maps_to_its_spec_class[transaction_limit_exceeded-UNCLASSIFIED]" time="0.001" /><testcase classname="tests.classify.test_taxonomy" name="test_every_spec_reason_string_maps_to_its_spec_class[payment_timed_out-UNCLASSIFIED]" time="0.001" /><testcase classname="tests.classify.test_taxonomy" name="test_every_spec_reason_string_maps_to_its_spec_class[payment_cancelled-UNCLASSIFIED]" time="0.001" /><testcase classname="tests.classify.test_taxonomy" name="test_the_ambiguous_reasons_are_deferred_to_the_llm" time="0.000" /><testcase classname="tests.classify.test_taxonomy" name="test_the_model_is_asked_about_only_a_handful_of_reasons" time="0.000" /><testcase classname="tests.classify.test_taxonomy" name="test_an_unmapped_reason_is_unclassified_not_a_crash" time="0.000" /><testcase classname="tests.classify.test_taxonomy" name="test_an_unmapped_reason_is_less_confident_than_a_table_hit" time="0.000" /><testcase classname="tests.classify.test_taxonomy" name="test_reason_strings_are_matched_case_and_whitespace_insensitively" time="0.000" /><testcase classname="tests.classify.test_taxonomy" name="test_the_rationale_names_the_reason_string_that_drove_the_decision" time="0.000" /><testcase classname="tests.classify.test_taxonomy" name="test_the_table_never_maps_anything_to_a_class_outside_the_enum" time="0.000" /><testcase classname="tests.classify.test_taxonomy" name="test_reasons_from_razorpays_published_list_are_classified[issuer_technical_error-TRANSIENT_ISSUER]" time="0.001" /><testcase classname="tests.classify.test_taxonomy" name="test_reasons_from_razorpays_published_list_are_classified[bank_not_available-TRANSIENT_ISSUER]" time="0.001" /><testcase classname="tests.classify.test_taxonomy" name="test_reasons_from_razorpays_published_list_are_classified[bank_cutoff_in_progress-TRANSIENT_ISSUER]" time="0.001" /><testcase classname="tests.classify.test_taxonomy" name="test_reasons_from_razorpays_published_list_are_classified[payment_declined_due_to_high_traffic-TRANSIENT_ISSUER]" time="0.001" /><testcase classname="tests.classify.test_taxonomy" name="test_reasons_from_razorpays_published_list_are_classified[server_error-TRANSIENT_ISSUER]" time="0.001" /><testcase classname="tests.classify.test_taxonomy" name="test_reasons_from_razorpays_published_list_are_classified[capture_failed-TRANSIENT_ISSUER]" time="0.001" /><testcase classname="tests.classify.test_taxonomy" name="test_reasons_from_razorpays_published_list_are_classified[card_type_invalid-INSTRUMENT_INVALID]" time="0.001" /><testcase classname="tests.classify.test_taxonomy" name="test_reasons_from_razorpays_published_list_are_classified[card_number_invalid-INSTRUMENT_INVALID]" time="0.001" /><testcase classname="tests.classify.test_taxonomy" name="test_reasons_from_razorpays_published_list_are_classified[compliance_violation-RISK_DECLINE]" time="0.001" /><testcase classname="tests.classify.test_taxonomy" name="test_reasons_from_razorpays_published_list_are_classified[funds_blocked_by_mandate-INSUFFICIENT_FUNDS]" time="0.001" /><testcase classname="tests.classify.test_taxonomy" name="test_reasons_from_razorpays_published_list_are_classified[transaction_daily_limit_exceeded-UNCLASSIFIED]" time="0.001" /><testcase classname="tests.classify.test_taxonomy" name="test_reasons_from_razorpays_published_list_are_classified[transaction_daily_count_exceeded-UNCLASSIFIED]" time="0.001" /><testcase classname="tests.classify.test_taxonomy" name="test_reasons_from_razorpays_published_list_are_classified[otp_attempts_exceeded-UNCLASSIFIED]" time="0.001" /><testcase classname="tests.classify.test_taxonomy" name="test_razorpays_other_undisclosed_declines_go_to_the_model[payment_declined]" time="0.001" /><testcase classname="tests.classify.test_taxonomy" name="test_razorpays_other_undisclosed_declines_go_to_the_model[debit_declined]" time="0.000" /><testcase classname="tests.classify.test_taxonomy" name="test_the_issuer_outage_family_is_covered_not_just_the_two_it_started_with" time="0.000" /><testcase classname="tests.classify.test_taxonomy" name="test_every_mapped_reason_is_lowercase_snake_case_as_razorpay_sends_them" time="0.000" /><testcase classname="tests.clock.test_virtual" name="test_clock_starts_at_the_given_time" time="0.000" /><testcase classname="tests.clock.test_virtual" name="test_pop_returns_events_in_time_order_regardless_of_insertion_order" time="0.000" /><testcase classname="tests.clock.test_virtual" name="test_pop_advances_now_to_the_event_time" time="0.000" /><testcase classname="tests.clock.test_virtual" name="test_ties_break_by_insertion_order_not_by_heap_accident" time="0.000" /><testcase classname="tests.clock.test_virtual" name="test_payloads_that_cannot_be_compared_do_not_break_the_heap" time="0.000" /><testcase classname="tests.clock.test_virtual" name="test_pop_on_an_empty_clock_returns_none_and_leaves_now_alone" time="0.000" /><testcase classname="tests.clock.test_virtual" name="test_scheduling_in_the_past_is_clamped_to_now" time="0.000" /><testcase classname="tests.clock.test_virtual" name="test_len_reports_pending_events" time="0.001" /><testcase classname="tests.detect.test_scanner" name="test_an_abandoned_checkout_with_no_attempt_is_found_but_not_classified" time="0.002" /><testcase classname="tests.detect.test_scanner" name="test_an_attempted_checkout_becomes_a_classifiable_failure" time="0.001" /><testcase classname="tests.detect.test_scanner" name="test_a_fresh_checkout_is_left_alone" time="0.000" /><testcase classname="tests.detect.test_scanner" name="test_a_paid_order_is_not_at_risk" time="0.000" /><testcase classname="tests.detect.test_scanner" name="test_overdue_invoices_are_found_and_unpaid_balance_is_what_is_at_risk" time="0.001" /><testcase classname="tests.detect.test_scanner" name="test_a_paid_or_not_yet_due_invoice_is_not_at_risk" time="0.001" /><testcase classname="tests.detect.test_scanner" name="test_a_halted_subscription_is_found_without_a_webhook" time="0.000" /><testcase classname="tests.detect.test_scanner" name="test_one_pass_covers_all_three_surfaces_named_in_the_brief" time="0.001" /><testcase classname="tests.detect.test_scanner" name="test_the_total_at_risk_is_reported" time="0.001" /><testcase classname="tests.detect.test_scanner" name="test_nothing_in_the_read_client_can_write" time="0.001" /><testcase classname="tests.detect.test_scanner" name="test_a_paid_link_is_reported_as_a_recovery" time="0.001" /><testcase classname="tests.detect.test_scanner" name="test_an_unpaid_link_is_not_a_recovery" time="0.000" /><testcase classname="tests.detect.test_scanner" name="test_reconciliation_only_reads" time="0.000" /><testcase classname="tests.escalate.test_ladder" name="test_tier_one_is_always_enterable" time="0.000" /><testcase classname="tests.escalate.test_ladder" name="test_a_tier_may_not_be_skipped" time="0.000" /><testcase classname="tests.escalate.test_ladder" name="test_a_tier_opens_once_the_previous_tier_has_actually_been_executed" time="0.000" /><testcase classname="tests.escalate.test_ladder" name="test_a_planned_but_blocked_tier_does_not_open_the_next_one" time="0.000" /><testcase classname="tests.escalate.test_ladder" name="test_a_recovered_subject_may_not_escalate_further" time="0.000" /><testcase classname="tests.escalate.test_ladder" name="test_terminal_tier_is_always_reachable" time="0.000" /><testcase classname="tests.escalate.test_ladder" name="test_a_revoked_mandate_goes_straight_to_terminal" time="0.000" /><testcase classname="tests.escalate.test_ladder" name="test_an_opted_out_customer_goes_straight_to_terminal" time="0.000" /><testcase classname="tests.escalate.test_ladder" name="test_executing_a_contact_spends_the_contact_budget" time="0.000" /><testcase classname="tests.escalate.test_ladder" name="test_executing_a_charge_spends_the_charge_budget_whether_or_not_it_worked" time="0.000" /><testcase classname="tests.escalate.test_ladder" name="test_a_successful_charge_marks_the_subject_recovered" time="0.000" /><testcase classname="tests.escalate.test_ladder" name="test_a_successful_message_does_not_mark_the_subject_recovered" time="0.000" /><testcase classname="tests.escalate.test_ladder" name="test_a_successful_pay_now_link_marks_the_subject_recovered_and_spends_a_contact" time="0.000" /><testcase classname="tests.escalate.test_ladder" name="test_an_unpaid_pay_now_link_spends_a_contact_without_recovering" time="0.000" /><testcase classname="tests.escalate.test_ladder" name="test_an_escalation_action_flags_manual_review" time="0.000" /><testcase classname="tests.escalate.test_ladder" name="test_a_subject_with_both_budgets_spent_is_exhausted" time="0.000" /><testcase classname="tests.escalate.test_ladder" name="test_a_subject_with_budget_remaining_is_not_exhausted" time="0.000" /><testcase classname="tests.escalate.test_ladder" name="test_a_subject_whose_final_notice_failed_is_exhausted" time="0.000" /><testcase classname="tests.escalate.test_ladder" name="test_a_zero_budget_class_is_exhausted_from_the_start" time="0.000" /><testcase classname="tests.escalate.test_ladder" name="test_terminal_states_reflect_what_actually_happened" time="0.001" /><testcase classname="tests.escalate.test_ladder" name="test_recovery_beats_every_other_terminal_state" time="0.000" /><testcase classname="tests.escalate.test_ladder" name="test_every_tier_declares_its_channels" time="0.000" /><testcase classname="tests.escalate.test_ladder" name="test_the_planner_chosen_starting_tier_is_enterable_without_lower_tiers_running" time="0.000" /><testcase classname="tests.escalate.test_ladder" name="test_advancement_beyond_the_starting_tier_is_still_earned_by_execution" time="0.001" /><testcase classname="tests.escalate.test_ladder" name="test_a_starting_tier_does_not_open_tiers_above_it" time="0.000" /><testcase classname="tests.escalate.test_ladder" name="test_the_ladder_governs_contact_and_nothing_else" time="0.000" /><testcase classname="tests.execute.test_executor" name="test_render_context_exposes_rupees_not_paise" time="0.000" /><testcase classname="tests.execute.test_executor" name="test_the_executor_refuses_a_raw_unauthorized_action" time="0.026" /><testcase classname="tests.execute.test_executor" name="test_a_charge_goes_to_the_rail_and_costs_the_charge_fee" time="0.029" /><testcase classname="tests.execute.test_executor" name="test_a_failed_charge_records_the_decline_reason" time="0.026" /><testcase classname="tests.execute.test_executor" name="test_a_message_is_rendered_and_dispatched" time="0.027" /><testcase classname="tests.execute.test_executor" name="test_a_message_costs_its_channel_rate" time="0.024" /><testcase classname="tests.execute.test_executor" name="test_an_sms_costs_more_than_an_email" time="0.001" /><testcase classname="tests.execute.test_executor" name="test_an_instrument_update_request_asks_the_rail_whether_it_converted" time="0.023" /><testcase classname="tests.execute.test_executor" name="test_stopping_costs_nothing_and_always_succeeds" time="0.026" /><testcase classname="tests.execute.test_executor" name="test_escalating_to_a_human_costs_nothing_and_always_succeeds" time="0.038" /><testcase classname="tests.execute.test_executor" name="test_every_execution_writes_an_audit_record_naming_the_rule_that_allowed_it" time="0.030" /><testcase classname="tests.execute.test_executor" name="test_the_audit_record_carries_the_virtual_time_not_the_wall_clock" time="0.023" /><testcase classname="tests.execute.test_executor" name="test_cost_of_agrees_with_what_execution_actually_charges" time="0.001" /><testcase classname="tests.execute.test_executor" name="test_a_pay_now_link_is_sent_and_its_outcome_recorded" time="0.032" /><testcase classname="tests.execute.test_executor" name="test_a_pay_now_link_that_is_not_paid_is_not_a_failure_to_send" time="0.027" /><testcase classname="tests.execute.test_executor" name="test_an_undeliverable_pay_now_link_never_counts_as_paid" time="0.027" /><testcase classname="tests.execute.test_executor" name="test_an_action_with_no_link_available_is_not_reported_as_sent" time="0.035" /><testcase classname="tests.execute.test_messages" name="test_the_allowlist_is_exactly_the_defined_templates" time="0.001" /><testcase classname="tests.execute.test_messages" name="test_the_templates_the_planners_reference_all_exist" time="0.000" /><testcase classname="tests.execute.test_messages" name="test_each_template_declares_the_tier_and_channel_it_belongs_to" time="0.000" /><testcase classname="tests.execute.test_messages" name="test_rendering_substitutes_the_context" time="0.000" /><testcase classname="tests.execute.test_messages" name="test_rendering_an_unknown_template_is_refused" time="0.000" /><testcase classname="tests.execute.test_messages" name="test_a_missing_context_value_is_a_loud_error_not_a_literal_brace" time="0.000" /><testcase classname="tests.execute.test_messages" name="test_sms_templates_are_short_enough_to_actually_send" time="0.000" /><testcase classname="tests.execute.test_messages" name="test_no_template_promises_anything_about_a_customers_account_status" time="0.000" /><testcase classname="tests.execute.test_messages" name="test_pay_now_templates_are_on_the_allowlist" time="0.000" /><testcase classname="tests.execute.test_messages" name="test_pay_now_templates_carry_the_link_placeholder" time="0.000" /><testcase classname="tests.execute.test_messages" name="test_pay_now_templates_are_tier_two_because_they_ask_for_action" time="0.000" /><testcase classname="tests.execute.test_messages" name="test_each_template_declares_the_action_type_it_may_be_used_with" time="0.000" /><testcase classname="tests.execute.test_probabilities" name="test_every_band_scores_every_failure_class" time="0.000" /><testcase classname="tests.execute.test_probabilities" name="test_spec_mid_band_values_are_reproduced_exactly" time="0.001" /><testcase classname="tests.execute.test_probabilities" name="test_bands_are_ordered_low_below_mid_below_high" time="0.000" /><testcase classname="tests.execute.test_probabilities" name="test_mandate_revoked_is_hopeless_in_every_band" time="0.000" /><testcase classname="tests.execute.test_probabilities" name="test_update_conversion_matches_the_spec_bands" time="0.000" /><testcase classname="tests.execute.test_probabilities" name="test_later_retries_are_worth_less_than_the_first" time="0.000" /><testcase classname="tests.execute.test_probabilities" name="test_decay_cannot_push_a_probability_below_zero" time="0.000" /><testcase classname="tests.execute.test_probabilities" name="test_a_hopeless_class_stays_hopeless_under_decay" time="0.000" /><testcase classname="tests.execute.test_probabilities" name="test_a_negative_attempt_index_is_rejected" time="0.000" /><testcase classname="tests.execute.test_probabilities" name="test_a_fresh_instrument_is_very_likely_to_charge" time="0.000" /><testcase classname="tests.execute.test_probabilities" name="test_waiting_helps_a_funds_shortfall" time="0.000" /><testcase classname="tests.execute.test_probabilities" name="test_an_issuer_outage_recovers_within_hours_not_days" time="0.000" /><testcase classname="tests.execute.test_probabilities" name="test_waiting_does_not_repair_a_dead_card_or_a_revoked_mandate" time="0.000" /><testcase classname="tests.execute.test_probabilities" name="test_a_revoked_mandate_stays_hopeless_however_long_you_wait" time="0.000" /><testcase classname="tests.execute.test_probabilities" name="test_omitting_the_clock_keeps_the_old_attempt_only_behaviour" time="0.000" /><testcase classname="tests.execute.test_probabilities" name="test_decay_still_applies_on_top_of_timing" time="0.000" /><testcase classname="tests.execute.test_probabilities" name="test_probability_never_exceeds_certainty" time="0.000" /><testcase classname="tests.execute.test_probabilities" name="test_a_negative_elapsed_time_is_rejected" time="0.000" /><testcase classname="tests.execute.test_probabilities" name="test_every_class_declares_a_timing_profile" time="0.000" /><testcase classname="tests.execute.test_probabilities" name="test_pay_now_conversion_is_defined_at_every_band" time="0.000" /><testcase classname="tests.execute.test_probabilities" name="test_pay_now_converts_worse_than_a_card_update" time="0.000" /><testcase classname="tests.execute.test_probabilities" name="test_the_pay_now_bands_are_ordered" time="0.000" /><testcase classname="tests.execute.test_rail" name="test_canonical_decline_gives_a_real_razorpay_reason_string_per_class" time="0.000" /><testcase classname="tests.execute.test_rail" name="test_a_mandate_revoked_subject_can_never_be_charged" time="0.001" /><testcase classname="tests.execute.test_rail" name="test_a_failed_charge_reports_the_subjects_decline_reason" time="0.001" /><testcase classname="tests.execute.test_rail" name="test_a_successful_charge_carries_no_error" time="0.002" /><testcase classname="tests.execute.test_rail" name="test_charging_increments_the_subjects_attempt_counter" time="0.000" /><testcase classname="tests.execute.test_rail" name="test_the_same_seed_produces_the_same_outcomes" time="0.001" /><testcase classname="tests.execute.test_rail" name="test_different_seeds_produce_different_outcomes" time="0.001" /><testcase classname="tests.execute.test_rail" name="test_the_high_band_recovers_more_often_than_the_low_band" time="0.012" /><testcase classname="tests.execute.test_rail" name="test_an_update_request_sometimes_converts_and_flips_the_flag" time="0.000" /><testcase classname="tests.execute.test_rail" name="test_an_updated_instrument_charges_successfully_almost_always" time="0.003" /><testcase classname="tests.execute.test_rail" name="test_an_unknown_subscription_is_a_loud_error_not_a_silent_decline" time="0.000" /><testcase classname="tests.execute.test_rail" name="test_a_pay_now_link_sometimes_converts_and_sometimes_does_not" time="0.001" /><testcase classname="tests.execute.test_rail" name="test_a_converted_pay_now_subject_stays_converted" time="0.000" /><testcase classname="tests.execute.test_rail" name="test_a_simulated_pay_now_link_can_never_be_mistaken_for_a_real_one" time="0.000" /><testcase classname="tests.execute.test_rail" name="test_the_pay_now_draw_does_not_consume_the_charge_stream" time="0.000" /><testcase classname="tests.execute.test_rail_conformance" name="test_the_protocol_actually_declares_the_methods_this_test_checks" time="0.001" /><testcase classname="tests.execute.test_rail_conformance" name="test_every_rail_implements_every_protocol_method[SimulatedRail]" time="0.001" /><testcase classname="tests.execute.test_rail_conformance" name="test_every_rail_implements_every_protocol_method[RazorpayTestRail]" time="0.001" /><testcase classname="tests.execute.test_rail_conformance" name="test_every_rail_implements_every_protocol_method[FakeRail]" time="0.000" /><testcase classname="tests.execute.test_rail_conformance" name="test_every_rail_implements_every_protocol_method[RefusingRail]" time="0.001" /><testcase classname="tests.execute.test_rail_conformance" name="test_every_rail_implements_every_protocol_method[ConfigurablePayNowRail]" time="0.001" /><testcase classname="tests.execute.test_rail_conformance" name="test_every_rail_implements_every_protocol_method[_StubRail]" time="0.001" /><testcase classname="tests.execute.test_rail_conformance" name="test_every_rail_takes_the_arguments_the_protocol_promises[SimulatedRail]" time="0.001" /><testcase classname="tests.execute.test_rail_conformance" name="test_every_rail_takes_the_arguments_the_protocol_promises[RazorpayTestRail]" time="0.001" /><testcase classname="tests.execute.test_rail_conformance" name="test_every_rail_takes_the_arguments_the_protocol_promises[FakeRail]" time="0.001" /><testcase classname="tests.execute.test_rail_conformance" name="test_every_rail_takes_the_arguments_the_protocol_promises[RefusingRail]" time="0.001" /><testcase classname="tests.execute.test_rail_conformance" name="test_every_rail_takes_the_arguments_the_protocol_promises[ConfigurablePayNowRail]" time="0.001" /><testcase classname="tests.execute.test_rail_conformance" name="test_every_rail_takes_the_arguments_the_protocol_promises[_StubRail]" time="0.001" /><testcase classname="tests.execute.test_rail_paired" name="test_a_subject_stream_is_reproducible" time="0.000" /><testcase classname="tests.execute.test_rail_paired" name="test_different_subjects_get_different_streams" time="0.000" /><testcase classname="tests.execute.test_rail_paired" name="test_different_seeds_give_a_subject_different_streams" time="0.000" /><testcase classname="tests.execute.test_rail_paired" name="test_paired_mode_gives_a_subject_the_same_draws_regardless_of_cohort_order" time="0.001" /><testcase classname="tests.execute.test_rail_paired" name="test_paired_mode_is_unaffected_by_what_other_subjects_did_first" time="0.001" /><testcase classname="tests.execute.test_rail_paired" name="test_unpaired_mode_is_order_sensitive_which_is_why_paired_mode_exists" time="0.002" /><testcase classname="tests.execute.test_rail_paired" name="test_paired_mode_still_respects_the_band" time="0.019" /><testcase classname="tests.execute.test_rail_paired" name="test_paired_mode_still_cannot_recover_a_revoked_mandate" time="0.001" /><testcase classname="tests.execute.test_rail_paired" name="test_a_conversion_roll_does_not_steal_the_next_charge_draw" time="0.000" /><testcase classname="tests.execute.test_rail_paired" name="test_charge_and_conversion_streams_are_independent" time="0.000" /><testcase classname="tests.execute.test_rail_paired" name="test_an_arm_that_asks_for_an_instrument_update_still_charges_the_same_luck" time="0.001" /><testcase classname="tests.execute.test_razorpay_rail" name="test_charging_is_refused_with_an_explanation_not_a_fabricated_result" time="0.000" /><testcase classname="tests.execute.test_razorpay_rail" name="test_the_rail_still_satisfies_the_payment_rail_protocol" time="0.000" /><testcase classname="tests.execute.test_razorpay_rail" name="test_fetching_a_subscription_returns_the_entity" time="0.000" /><testcase classname="tests.execute.test_razorpay_rail" name="test_the_subscription_state_is_read_from_the_api" time="0.000" /><testcase classname="tests.execute.test_razorpay_rail" name="test_a_subscription_the_api_does_not_know_reports_unknown" time="0.000" /><testcase classname="tests.execute.test_razorpay_rail" name="test_the_card_change_link_carries_the_card_change_parameter" time="0.000" /><testcase classname="tests.execute.test_razorpay_rail" name="test_a_subscription_with_no_short_url_yields_an_empty_link" time="0.000" /><testcase classname="tests.execute.test_razorpay_rail" name="test_delivering_an_update_request_reports_whether_a_link_exists" time="0.000" /><testcase classname="tests.execute.test_razorpay_rail" name="test_an_api_error_is_reported_as_unknown_rather_than_crashing_the_batch" time="0.000" /><testcase classname="tests.execute.test_razorpay_rail" name="test_the_rail_refuses_to_be_built_on_a_live_config" time="0.000" /><testcase classname="tests.experiment.test_control" name="test_the_baseline_ladder_is_three_retries_a_day_apart" time="0.000" /><testcase classname="tests.experiment.test_control" name="test_every_subject_gets_an_outcome" time="0.097" /><testcase classname="tests.experiment.test_control" name="test_no_subject_is_charged_more_than_the_baseline_allows" time="0.096" /><testcase classname="tests.experiment.test_control" name="test_an_unrecovered_subject_is_charged_the_full_ladder" time="0.063" /><testcase classname="tests.experiment.test_control" name="test_the_control_arm_never_contacts_anyone" time="0.073" /><testcase classname="tests.experiment.test_control" name="test_the_control_arm_wastes_money_on_dead_instruments" time="0.298" /><testcase classname="tests.experiment.test_control" name="test_a_revoked_mandate_is_still_booked_as_voluntary_churn" time="0.337" /><testcase classname="tests.experiment.test_control" name="test_the_control_arm_reaches_only_three_terminal_states" time="0.292" /><testcase classname="tests.experiment.test_control" name="test_a_recovered_subject_stops_being_charged" time="0.341" /><testcase classname="tests.experiment.test_control" name="test_a_recovered_subject_records_when_it_recovered" time="0.313" /><testcase classname="tests.experiment.test_control" name="test_a_recovered_subject_is_attributed_to_retry" time="0.341" /><testcase classname="tests.experiment.test_control" name="test_every_subject_records_its_own_first_failure" time="0.095" /><testcase classname="tests.experiment.test_control" name="test_gross_recovery_only_counts_recovered_subjects" time="0.280" /><testcase classname="tests.experiment.test_control" name="test_the_same_seed_reproduces_the_control_arm" time="0.175" /><testcase classname="tests.experiment.test_control" name="test_every_charge_attempt_is_audited" time="0.051" /><testcase classname="tests.experiment.test_harness" name="test_both_arms_run_over_the_same_cohort_size" time="0.782" /><testcase classname="tests.experiment.test_harness" name="test_both_arms_see_the_same_voluntary_churn" time="2.349" /><testcase classname="tests.experiment.test_harness" name="test_the_arms_write_separate_audit_databases" time="0.946" /><testcase classname="tests.experiment.test_harness" name="test_the_comparison_is_computed_from_both_arms" time="0.823" /><testcase classname="tests.experiment.test_harness" name="test_recoup_wastes_fewer_attempts_than_the_baseline" time="2.390" /><testcase classname="tests.experiment.test_harness" name="test_the_experiment_is_reproducible" time="1.579" /><testcase classname="tests.experiment.test_harness" name="test_freezing_writes_the_configuration_hash" time="0.004" /><testcase classname="tests.experiment.test_harness" name="test_verifying_an_unchanged_configuration_passes" time="0.016" /><testcase classname="tests.experiment.test_harness" name="test_verifying_a_changed_configuration_is_refused" time="0.012" /><testcase classname="tests.experiment.test_harness" name="test_verifying_against_a_missing_freeze_file_is_refused" time="0.003" /><testcase classname="tests.experiment.test_harness" name="test_the_freeze_file_records_what_was_frozen_for_a_human_to_read" time="0.026" /><testcase classname="tests.experiment.test_measurement_inputs" name="test_the_planner_prompt_is_part_of_the_measurement" time="0.001" /><testcase classname="tests.experiment.test_measurement_inputs" name="test_the_classifier_prompt_is_part_of_the_measurement" time="0.001" /><testcase classname="tests.experiment.test_measurement_inputs" name="test_the_shape_of_a_user_prompt_is_part_of_the_measurement" time="0.001" /><testcase classname="tests.experiment.test_measurement_inputs" name="test_the_model_name_is_part_of_the_measurement" time="0.001" /><testcase classname="tests.experiment.test_measurement_inputs" name="test_every_constant_that_moves_money_is_covered[probabilities]" time="0.001" /><testcase classname="tests.experiment.test_measurement_inputs" name="test_every_constant_that_moves_money_is_covered[budgets]" time="0.001" /><testcase classname="tests.experiment.test_measurement_inputs" name="test_every_constant_that_moves_money_is_covered[costs]" time="0.001" /><testcase classname="tests.experiment.test_measurement_inputs" name="test_every_constant_that_moves_money_is_covered[cohort]" time="0.001" /><testcase classname="tests.experiment.test_measurement_inputs" name="test_every_constant_that_moves_money_is_covered[schedule]" time="0.001" /><testcase classname="tests.experiment.test_measurement_inputs" name="test_the_hash_is_stable_across_calls" time="0.001" /><testcase classname="tests.experiment.test_measurement_inputs" name="test_what_changed_names_the_section_that_moved" time="0.001" /><testcase classname="tests.experiment.test_measurement_inputs" name="test_what_changed_is_empty_when_nothing_moved" time="0.000" /><testcase classname="tests.experiment.test_measurement_inputs" name="test_freezing_records_the_inputs_not_only_their_hash" time="0.013" /><testcase classname="tests.experiment.test_measurement_inputs" name="test_verifying_refuses_a_changed_prompt_and_says_which_one" time="0.014" /><testcase classname="tests.experiment.test_measurement_inputs" name="test_verifying_passes_when_the_inputs_are_untouched" time="0.012" /><testcase classname="tests.experiment.test_measurement_inputs" name="test_an_old_frozen_file_without_inputs_is_not_treated_as_agreement" time="0.015" /><testcase classname="tests.experiment.test_replication" name="test_a_finding_that_survives_everywhere_replicates" time="0.000" /><testcase classname="tests.experiment.test_replication" name="test_a_finding_that_survives_in_most_cohorts_does_not_replicate" time="0.001" /><testcase classname="tests.experiment.test_replication" name="test_a_finding_that_survives_nowhere_says_so_plainly" time="0.000" /><testcase classname="tests.experiment.test_replication" name="test_the_per_seed_values_are_kept_so_the_spread_is_visible" time="0.000" /><testcase classname="tests.experiment.test_replication" name="test_which_cohorts_it_survived_in_is_recorded" time="0.000" /><testcase classname="tests.experiment.test_replication" name="test_no_cohorts_yields_no_findings" time="0.000" /><testcase classname="tests.experiment.test_replication" name="test_running_a_replication_sweeps_every_seed" time="3.285" /><testcase classname="tests.experiment.test_replication" name="test_each_cohort_gets_its_own_seed_not_the_configs" time="3.177" /><testcase classname="tests.experiment.test_replication" name="test_the_efficiency_findings_replicate_on_real_cohorts" time="19.813" /><testcase classname="tests.experiment.test_schedule_ablation" name="test_lift_survives_the_control_s_own_retry_schedule" time="4.777" /><testcase classname="tests.experiment.test_sweep" name="test_a_lift_positive_at_every_band_survives" time="0.003" /><testcase classname="tests.experiment.test_sweep" name="test_a_lift_that_appears_only_at_the_high_band_does_not_survive" time="0.003" /><testcase classname="tests.experiment.test_sweep" name="test_a_lift_that_fails_at_the_low_band_does_not_survive" time="0.003" /><testcase classname="tests.experiment.test_sweep" name="test_a_metric_where_lower_is_better_survives_when_it_falls_everywhere" time="0.003" /><testcase classname="tests.experiment.test_sweep" name="test_every_headline_metric_gets_a_finding" time="0.003" /><testcase classname="tests.experiment.test_sweep" name="test_every_finding_carries_its_unit" time="0.003" /><testcase classname="tests.experiment.test_sweep" name="test_the_sweep_runs_the_experiment_once_per_band" time="1.806" /><testcase classname="tests.experiment.test_sweep" name="test_each_band_writes_its_own_audit_directory" time="1.822" /><testcase classname="tests.experiment.test_sweep" name="test_the_sweep_produces_findings" time="6.952" /><testcase classname="tests.experiment.test_sweep" name="test_the_sweep_is_reproducible" time="3.118" /><testcase classname="tests.experiment.test_sweep" name="test_the_bands_in_the_results_override_the_configs_own_band" time="1.476" /><testcase classname="tests.ingest.test_cohort" name="test_the_cohort_is_the_requested_size" time="0.001" /><testcase classname="tests.ingest.test_cohort" name="test_the_class_weights_sum_to_one" time="0.000" /><testcase classname="tests.ingest.test_cohort" name="test_the_same_seed_reproduces_the_identical_cohort" time="0.001" /><testcase classname="tests.ingest.test_cohort" name="test_a_different_seed_produces_a_different_cohort" time="0.001" /><testcase classname="tests.ingest.test_cohort" name="test_every_event_is_marked_as_coming_from_the_cohort_generator" time="0.001" /><testcase classname="tests.ingest.test_cohort" name="test_every_subject_has_a_matching_subscription_and_event" time="0.001" /><testcase classname="tests.ingest.test_cohort" name="test_a_large_cohort_contains_every_failure_class" time="0.008" /><testcase classname="tests.ingest.test_cohort" name="test_an_unambiguous_reason_string_still_identifies_its_cause" time="0.007" /><testcase classname="tests.ingest.test_cohort" name="test_a_cause_produces_more_than_one_reason_string" time="0.015" /><testcase classname="tests.ingest.test_cohort" name="test_the_cohort_produces_genuinely_ambiguous_declines" time="0.015" /><testcase classname="tests.ingest.test_cohort" name="test_the_table_alone_can_no_longer_be_perfect" time="0.019" /><testcase classname="tests.ingest.test_cohort" name="test_source_and_step_are_a_second_signal_not_a_constant" time="0.008" /><testcase classname="tests.ingest.test_cohort" name="test_plan_amounts_are_drawn_from_the_declared_distribution" time="0.002" /><testcase classname="tests.ingest.test_cohort" name="test_first_failures_are_spread_over_time_not_all_at_one_instant" time="0.001" /><testcase classname="tests.ingest.test_cohort" name="test_no_first_failure_predates_the_run_start" time="0.001" /><testcase classname="tests.ingest.test_payment_failed_mapper" name="test_both_event_types_are_registered" time="0.000" /><testcase classname="tests.ingest.test_payment_failed_mapper" name="test_the_error_triple_is_carried_through_verbatim" time="0.000" /><testcase classname="tests.ingest.test_payment_failed_mapper" name="test_the_order_stands_in_as_the_subject" time="0.000" /><testcase classname="tests.ingest.test_payment_failed_mapper" name="test_a_payment_with_no_order_still_gets_a_stable_subject" time="0.000" /><testcase classname="tests.ingest.test_payment_failed_mapper" name="test_the_payment_id_identifies_the_event_for_deduplication" time="0.000" /><testcase classname="tests.ingest.test_payment_failed_mapper" name="test_it_is_marked_as_coming_from_the_webhook" time="0.000" /><testcase classname="tests.ingest.test_payment_failed_mapper" name="test_the_event_time_uses_the_payloads_created_at" time="0.000" /><testcase classname="tests.ingest.test_payment_failed_mapper" name="test_a_payload_with_no_created_at_falls_back_to_receipt_time" time="0.000" /><testcase classname="tests.ingest.test_payment_failed_mapper" name="test_a_missing_error_reason_falls_back_rather_than_raising" time="0.000" /><testcase classname="tests.ingest.test_payment_failed_mapper" name="test_an_empty_payload_does_not_raise" time="0.000" /><testcase classname="tests.ingest.test_payment_failed_mapper" name="test_the_classifier_reads_it_exactly_as_it_reads_a_subscription_failure" time="0.000" /><testcase classname="tests.ingest.test_payment_failed_mapper" name="test_both_mappers_produce_the_identical_shape" time="0.001" /><testcase classname="tests.ingest.test_signature" name="test_the_signature_is_hmac_sha256_hex_over_the_raw_body" time="0.001" /><testcase classname="tests.ingest.test_signature" name="test_a_correct_signature_verifies" time="0.000" /><testcase classname="tests.ingest.test_signature" name="test_a_tampered_body_does_not_verify" time="0.000" /><testcase classname="tests.ingest.test_signature" name="test_a_signature_from_the_wrong_secret_does_not_verify" time="0.000" /><testcase classname="tests.ingest.test_signature" name="test_a_missing_signature_does_not_verify" time="0.000" /><testcase classname="tests.ingest.test_signature" name="test_an_empty_signature_does_not_verify" time="0.000" /><testcase classname="tests.ingest.test_signature" name="test_a_malformed_signature_does_not_verify_and_does_not_raise" time="0.000" /><testcase classname="tests.ingest.test_signature" name="test_signature_comparison_is_case_insensitive_on_the_hex" time="0.000" /><testcase classname="tests.ingest.test_signature" name="test_reordering_json_keys_changes_the_signature" time="0.000" /><testcase classname="tests.ingest.test_signature" name="test_the_header_name_is_the_one_razorpay_sends" time="0.000" /><testcase classname="tests.ingest.test_webhook_app" name="test_a_correctly_signed_event_is_accepted" time="0.036" /><testcase classname="tests.ingest.test_webhook_app" name="test_an_accepted_event_reaches_the_sink_as_a_failure_event" time="0.040" /><testcase classname="tests.ingest.test_webhook_app" name="test_an_accepted_event_is_audited" time="0.036" /><testcase classname="tests.ingest.test_webhook_app" name="test_a_bad_signature_is_rejected" time="0.039" /><testcase classname="tests.ingest.test_webhook_app" name="test_a_signature_from_the_wrong_secret_is_rejected" time="0.039" /><testcase classname="tests.ingest.test_webhook_app" name="test_a_missing_signature_header_is_rejected" time="0.039" /><testcase classname="tests.ingest.test_webhook_app" name="test_a_rejected_event_is_audited_and_never_processed" time="0.039" /><testcase classname="tests.ingest.test_webhook_app" name="test_a_body_that_is_not_json_is_rejected" time="0.038" /><testcase classname="tests.ingest.test_webhook_app" name="test_an_event_type_we_do_not_handle_is_ignored_with_a_two_hundred" time="0.039" /><testcase classname="tests.ingest.test_webhook_app" name="test_a_replayed_event_is_processed_only_once" time="0.045" /><testcase classname="tests.ingest.test_webhook_app" name="test_a_replayed_event_is_still_refused_by_a_restarted_receiver" time="0.050" /><testcase classname="tests.ingest.test_webhook_app" name="test_the_signature_is_checked_against_the_bytes_razorpay_sent" time="0.037" /><testcase classname="tests.ingest.test_webhook_app" name="test_a_sink_that_raises_does_not_lose_the_audit_record" time="0.045" /><testcase classname="tests.ingest.test_webhook_app" name="test_the_health_endpoint_reports_the_key_id_but_no_secret" time="0.036" /><testcase classname="tests.ingest.test_webhook_mapper" name="test_the_identifiers_come_from_the_payload" time="0.001" /><testcase classname="tests.ingest.test_webhook_mapper" name="test_the_error_triple_is_carried_through_verbatim" time="0.000" /><testcase classname="tests.ingest.test_webhook_mapper" name="test_the_event_is_marked_as_coming_from_the_webhook" time="0.000" /><testcase classname="tests.ingest.test_webhook_mapper" name="test_the_attempt_number_follows_the_paid_count" time="0.000" /><testcase classname="tests.ingest.test_webhook_mapper" name="test_the_event_time_uses_the_payloads_created_at_when_present" time="0.000" /><testcase classname="tests.ingest.test_webhook_mapper" name="test_a_payload_with_no_created_at_falls_back_to_the_receipt_time" time="0.000" /><testcase classname="tests.ingest.test_webhook_mapper" name="test_a_cancelled_subscription_becomes_the_mandate_revoked_reason" time="0.000" /><testcase classname="tests.ingest.test_webhook_mapper" name="test_the_subscription_state_beats_the_payment_error" time="0.000" /><testcase classname="tests.ingest.test_webhook_mapper" name="test_a_payload_with_no_payment_entity_still_produces_an_event" time="0.000" /><testcase classname="tests.ingest.test_webhook_mapper" name="test_a_payload_with_no_error_reason_falls_back_rather_than_raising" time="0.000" /><testcase classname="tests.ingest.test_webhook_mapper" name="test_missing_source_and_step_become_unknown_not_empty" time="0.000" /><testcase classname="tests.ingest.test_webhook_mapper" name="test_a_payload_with_no_invoice_id_uses_a_derived_placeholder" time="0.000" /><testcase classname="tests.ingest.test_webhook_mapper" name="test_an_unmapped_reason_still_classifies_without_error" time="0.000" /><testcase classname="tests.ingest.test_webhook_mapper" name="test_a_mapped_webhook_event_is_indistinguishable_from_a_cohort_event_downstream" time="0.001" /><testcase classname="tests.live.test_agent" name="test_a_real_event_gets_classified_and_planned_not_just_logged" time="0.031" /><testcase classname="tests.live.test_agent" name="test_the_agent_acts_and_does_not_stop_at_planning" time="0.032" /><testcase classname="tests.live.test_agent" name="test_a_rail_that_cannot_charge_is_recorded_not_faked" time="0.031" /><testcase classname="tests.live.test_agent" name="test_a_contact_at_three_in_the_morning_is_rescheduled_not_dropped" time="0.034" /><testcase classname="tests.live.test_agent" name="test_future_actions_are_held_rather_than_executed_early" time="0.034" /><testcase classname="tests.live.test_agent" name="test_a_message_with_no_transport_is_not_recorded_as_delivered" time="0.036" /><testcase classname="tests.live.test_agent" name="test_a_revoked_mandate_is_never_charged" time="0.034" /><testcase classname="tests.llm.test_client" name="test_the_default_model_is_the_one_the_spec_pins" time="0.001" /><testcase classname="tests.llm.test_client" name="test_a_completion_reaches_the_transport" time="0.004" /><testcase classname="tests.llm.test_client" name="test_an_identical_prompt_is_served_from_cache_without_calling_out" time="0.017" /><testcase classname="tests.llm.test_client" name="test_the_cache_survives_a_new_client_on_the_same_file" time="0.025" /><testcase classname="tests.llm.test_client" name="test_a_different_prompt_is_a_different_cache_entry" time="0.010" /><testcase classname="tests.llm.test_client" name="test_the_cache_key_covers_model_system_user_and_max_tokens" time="0.003" /><testcase classname="tests.llm.test_client" name="test_a_transport_failure_becomes_llm_unavailable" time="0.032" /><testcase classname="tests.llm.test_client" name="test_a_failed_call_is_not_cached" time="0.004" /><testcase classname="tests.llm.test_client" name="test_no_api_key_and_no_transport_means_unavailable_not_a_crash" time="0.003" /><testcase classname="tests.llm.test_client" name="test_a_pinned_model_name_survives_having_no_provider_key" time="0.006" /><testcase classname="tests.llm.test_providers" name="test_a_named_provider_wins_over_detection" time="0.000" /><testcase classname="tests.llm.test_providers" name="test_an_unknown_named_provider_is_refused" time="0.000" /><testcase classname="tests.llm.test_providers" name="test_detection_falls_back_to_whichever_key_is_present" time="0.000" /><testcase classname="tests.llm.test_providers" name="test_no_keys_at_all_detects_nothing" time="0.000" /><testcase classname="tests.llm.test_providers" name="test_free_tiers_are_preferred_when_several_keys_are_present" time="0.000" /><testcase classname="tests.llm.test_providers" name="test_every_provider_declares_a_key_variable_and_a_default_model" time="0.000" /><testcase classname="tests.llm.test_providers" name="test_building_a_transport_without_its_key_is_refused" time="0.000" /><testcase classname="tests.llm.test_providers" name="test_a_real_user_agent_is_sent_because_wafs_reject_the_default" time="0.001" /><testcase classname="tests.llm.test_providers" name="test_groq_sends_the_openai_chat_shape_to_the_groq_endpoint" time="0.001" /><testcase classname="tests.llm.test_providers" name="test_xai_uses_the_same_shape_against_its_own_endpoint" time="0.001" /><testcase classname="tests.llm.test_providers" name="test_a_custom_base_url_overrides_the_preset" time="0.001" /><testcase classname="tests.llm.test_providers" name="test_an_openai_compatible_provider_with_no_base_url_is_refused" time="0.000" /><testcase classname="tests.llm.test_providers" name="test_gemini_sends_its_own_shape_and_carries_the_key_in_the_url" time="0.000" /><testcase classname="tests.llm.test_providers" name="test_anthropic_sends_its_own_shape_with_a_version_header" time="0.000" /><testcase classname="tests.llm.test_providers" name="test_an_empty_reply_is_an_error_rather_than_an_empty_string" time="0.000" /><testcase classname="tests.llm.test_providers" name="test_a_gemini_reply_with_no_candidates_is_an_error" time="0.001" /><testcase classname="tests.llm.test_providers" name="test_the_model_defaults_per_provider_and_is_overridable" time="0.000" /><testcase classname="tests.llm.test_providers" name="test_the_client_picks_up_a_provider_from_the_environment" time="0.004" /><testcase classname="tests.llm.test_providers" name="test_the_client_still_prefers_an_injected_transport_over_any_key" time="0.004" /><testcase classname="tests.llm.test_providers" name="test_the_client_with_no_key_at_all_reports_what_to_set" time="0.006" /><testcase classname="tests.llm.test_providers" name="test_switching_provider_changes_the_cache_key" time="0.003" /><testcase classname="tests.models.test_core" name="test_subscription_holds_money_as_integer_paise" time="0.000" /><testcase classname="tests.models.test_core" name="test_subscription_rejects_negative_money" time="0.003" /><testcase classname="tests.models.test_core" name="test_failure_event_records_which_ingestion_source_produced_it" time="0.000" /><testcase classname="tests.models.test_core" name="test_failure_event_rejects_an_unknown_source" time="0.000" /><testcase classname="tests.models.test_core" name="test_classification_confidence_is_bounded" time="0.000" /><testcase classname="tests.models.test_core" name="test_action_carries_its_escalation_tier" time="0.000" /><testcase classname="tests.models.test_core" name="test_models_are_frozen_so_a_stage_cannot_mutate_another_stages_data" time="0.005" /><testcase classname="tests.models.test_core" name="test_intervention_plan_groups_actions_for_one_subscription" time="0.000" /><testcase classname="tests.models.test_core" name="test_execution_result_costs_are_integer_paise" time="0.000" /><testcase classname="tests.models.test_enums" name="test_failure_classes_are_exactly_the_six_spec_classes" time="0.000" /><testcase classname="tests.models.test_enums" name="test_tiers_are_ordered_and_comparable" time="0.000" /><testcase classname="tests.models.test_enums" name="test_terminal_states_are_the_four_spec_states" time="0.000" /><testcase classname="tests.models.test_enums" name="test_action_types_cover_every_thing_the_pipeline_can_do" time="0.000" /><testcase classname="tests.models.test_enums" name="test_bands_are_low_mid_high" time="0.000" /><testcase classname="tests.orchestrate.test_runner" name="test_a_cohort_of_ten_runs_end_to_end" time="0.104" /><testcase classname="tests.orchestrate.test_runner" name="test_every_subject_reaches_exactly_one_terminal_state" time="0.449" /><testcase classname="tests.orchestrate.test_runner" name="test_a_revoked_mandate_is_counted_as_voluntary_churn_not_a_recovery_failure" time="0.791" /><testcase classname="tests.orchestrate.test_runner" name="test_a_revoked_mandate_is_never_charged_or_contacted" time="0.753" /><testcase classname="tests.orchestrate.test_runner" name="test_a_risk_decline_reaches_a_human_rather_than_dying_silently" time="0.750" /><testcase classname="tests.orchestrate.test_runner" name="test_an_invalid_instrument_is_never_retried_on_the_dead_card" time="0.767" /><testcase classname="tests.orchestrate.test_runner" name="test_recovered_subjects_bring_in_their_full_plan_amount" time="0.399" /><testcase classname="tests.orchestrate.test_runner" name="test_gross_recovery_is_the_sum_of_the_subject_amounts" time="0.338" /><testcase classname="tests.orchestrate.test_runner" name="test_cost_is_charged_for_unrecovered_subjects_too" time="0.333" /><testcase classname="tests.orchestrate.test_runner" name="test_net_recovery_is_gross_minus_every_rupee_spent" time="0.369" /><testcase classname="tests.orchestrate.test_runner" name="test_the_same_seed_and_band_reproduce_the_same_result" time="0.109" /><testcase classname="tests.orchestrate.test_runner" name="test_the_high_band_recovers_more_money_than_the_low_band" time="1.438" /><testcase classname="tests.orchestrate.test_runner" name="test_the_config_hash_changes_when_the_configuration_changes" time="0.001" /><testcase classname="tests.orchestrate.test_runner" name="test_every_subject_has_an_ingest_a_classify_and_a_plan_record" time="0.158" /><testcase classname="tests.orchestrate.test_runner" name="test_every_execution_in_the_audit_log_names_the_verdict_that_allowed_it" time="0.276" /><testcase classname="tests.orchestrate.test_runner" name="test_blocked_actions_are_audited_with_the_rule_that_blocked_them" time="0.939" /><testcase classname="tests.orchestrate.test_runner" name="test_the_run_terminates_and_does_not_loop_forever" time="1.601" /><testcase classname="tests.orchestrate.test_runner" name="test_an_opted_out_subject_is_never_messaged_and_the_denial_is_audited" time="0.935" /><testcase classname="tests.orchestrate.test_runner" name="test_a_live_promise_to_pay_suppresses_action_and_names_the_rule" time="0.810" /><testcase classname="tests.orchestrate.test_runner" name="test_a_failing_policy_rule_halts_the_batch_rather_than_proceeding_ungated" time="0.249" /><testcase classname="tests.orchestrate.test_runner" name="test_a_dead_card_actually_gets_asked_to_supply_a_new_one" time="1.327" /><testcase classname="tests.orchestrate.test_runner" name="test_some_dead_card_subjects_recover_once_they_supply_a_new_instrument" time="1.271" /><testcase classname="tests.orchestrate.test_runner" name="test_a_recovery_records_which_mechanism_earned_it" time="1.642" /><testcase classname="tests.orchestrate.test_runner" name="test_instrument_update_recoveries_are_distinguished_from_plain_retries" time="1.537" /><testcase classname="tests.orchestrate.test_runner" name="test_a_paid_pay_now_link_reaches_recovered_via_end_to_end" time="1.296" /><testcase classname="tests.orchestrate.test_runner" name="test_a_subject_never_recovered_carries_no_recovery_mechanism" time="0.665" /><testcase classname="tests.orchestrate.test_runner" name="test_a_blocked_notification_does_not_also_kill_the_retries_behind_it" time="0.241" /><testcase classname="tests.orchestrate.test_runner" name="test_a_contact_blocked_by_the_window_is_rescheduled_not_discarded" time="1.321" /><testcase classname="tests.orchestrate.test_runner" name="test_a_rescheduled_contact_gets_a_real_second_chance" time="1.359" /><testcase classname="tests.orchestrate.test_runner" name="test_rescheduling_is_bounded" time="1.329" /><testcase classname="tests.orchestrate.test_runner" name="test_only_a_timing_denial_earns_a_reschedule" time="1.284" /><testcase classname="tests.orchestrate.test_runner" name="test_a_rescheduled_contact_still_passes_every_other_rule" time="1.335" /><testcase classname="tests.plan.test_budgets" name="test_budgets_match_the_spec_table[INSUFFICIENT_FUNDS-3-2]" time="0.001" /><testcase classname="tests.plan.test_budgets" name="test_budgets_match_the_spec_table[INSTRUMENT_INVALID-0-2]" time="0.001" /><testcase classname="tests.plan.test_budgets" name="test_budgets_match_the_spec_table[MANDATE_REVOKED-0-0]" time="0.001" /><testcase classname="tests.plan.test_budgets" name="test_budgets_match_the_spec_table[TRANSIENT_ISSUER-3-0]" time="0.001" /><testcase classname="tests.plan.test_budgets" name="test_budgets_match_the_spec_table[RISK_DECLINE-0-0]" time="0.001" /><testcase classname="tests.plan.test_budgets" name="test_budgets_match_the_spec_table[UNCLASSIFIED-3-2]" time="0.001" /><testcase classname="tests.plan.test_budgets" name="test_every_class_has_a_budget" time="0.000" /><testcase classname="tests.plan.test_budgets" name="test_action_ids_are_deterministic_and_unique_per_index" time="0.001" /><testcase classname="tests.plan.test_budgets" name="test_clamping_drops_charge_retries_beyond_the_budget" time="0.001" /><testcase classname="tests.plan.test_budgets" name="test_clamping_drops_contacts_beyond_the_budget" time="0.000" /><testcase classname="tests.plan.test_budgets" name="test_an_instrument_update_request_counts_as_a_contact" time="0.000" /><testcase classname="tests.plan.test_budgets" name="test_clamping_keeps_the_earliest_actions_and_preserves_order" time="0.000" /><testcase classname="tests.plan.test_budgets" name="test_stop_and_escalate_are_never_clamped_away" time="0.000" /><testcase classname="tests.plan.test_budgets" name="test_a_zero_budget_class_loses_every_charge_and_contact" time="0.000" /><testcase classname="tests.plan.test_budgets" name="test_a_pay_now_link_counts_as_a_customer_contact" time="0.000" /><testcase classname="tests.plan.test_fallback" name="test_every_class_gets_a_plan_that_respects_its_budget[INSUFFICIENT_FUNDS]" time="0.001" /><testcase classname="tests.plan.test_fallback" name="test_every_class_gets_a_plan_that_respects_its_budget[INSTRUMENT_INVALID]" time="0.001" /><testcase classname="tests.plan.test_fallback" name="test_every_class_gets_a_plan_that_respects_its_budget[MANDATE_REVOKED]" time="0.000" /><testcase classname="tests.plan.test_fallback" name="test_every_class_gets_a_plan_that_respects_its_budget[TRANSIENT_ISSUER]" time="0.001" /><testcase classname="tests.plan.test_fallback" name="test_every_class_gets_a_plan_that_respects_its_budget[RISK_DECLINE]" time="0.001" /><testcase classname="tests.plan.test_fallback" name="test_every_class_gets_a_plan_that_respects_its_budget[UNCLASSIFIED]" time="0.001" /><testcase classname="tests.plan.test_fallback" name="test_insufficient_funds_notifies_then_chases_the_pay_cycle" time="0.000" /><testcase classname="tests.plan.test_fallback" name="test_retries_are_spaced_out_in_time_not_stacked_on_the_same_instant" time="0.000" /><testcase classname="tests.plan.test_fallback" name="test_instrument_invalid_asks_for_an_update_and_never_retries_the_dead_card" time="0.000" /><testcase classname="tests.plan.test_fallback" name="test_instrument_invalid_escalates_from_tier_two_to_tier_three" time="0.000" /><testcase classname="tests.plan.test_fallback" name="test_mandate_revoked_stops_immediately_and_contacts_nobody" time="0.000" /><testcase classname="tests.plan.test_fallback" name="test_transient_issuer_retries_sooner_than_the_baseline_and_stays_silent" time="0.000" /><testcase classname="tests.plan.test_fallback" name="test_risk_decline_goes_to_a_human_rather_than_being_retried" time="0.000" /><testcase classname="tests.plan.test_fallback" name="test_unclassified_gets_three_retries" time="0.001" /><testcase classname="tests.plan.test_fallback" name="test_every_message_action_names_a_template_and_a_channel" time="0.001" /><testcase classname="tests.plan.test_fallback" name="test_every_action_carries_a_human_readable_reason" time="0.001" /><testcase classname="tests.plan.test_fallback" name="test_the_plan_is_deterministic" time="0.001" /><testcase classname="tests.plan.test_fallback" name="test_a_shortfall_plan_offers_a_pay_now_link_after_the_first_retry" time="0.001" /><testcase classname="tests.plan.test_fallback" name="test_an_unclear_cause_offers_a_link_with_its_own_wording" time="0.000" /><testcase classname="tests.plan.test_fallback" name="test_no_other_cause_plans_a_pay_now_link" time="0.001" /><testcase classname="tests.plan.test_fallback" name="test_the_link_respects_the_contact_budget" time="0.000" /><testcase classname="tests.plan.test_llm_planner" name="test_the_system_prompt_states_the_budget_and_the_allowlist" time="0.000" /><testcase classname="tests.plan.test_llm_planner" name="test_the_system_prompt_allows_pay_now_link_and_states_its_restriction" time="0.000" /><testcase classname="tests.plan.test_llm_planner" name="test_a_pay_now_link_proposal_without_a_template_is_rejected" time="0.006" /><testcase classname="tests.plan.test_llm_planner" name="test_a_well_formed_pay_now_link_proposal_is_accepted" time="0.005" /><testcase classname="tests.plan.test_llm_planner" name="test_a_valid_proposal_is_turned_into_a_plan" time="0.005" /><testcase classname="tests.plan.test_llm_planner" name="test_a_proposal_over_budget_is_rejected_so_the_fallback_is_used" time="0.006" /><testcase classname="tests.plan.test_llm_planner" name="test_a_proposal_pairing_a_pay_now_template_with_send_message_is_rejected" time="0.005" /><testcase classname="tests.plan.test_llm_planner" name="test_a_proposal_naming_a_template_outside_the_allowlist_is_rejected" time="0.004" /><testcase classname="tests.plan.test_llm_planner" name="test_free_text_never_reaches_a_customer" time="0.005" /><testcase classname="tests.plan.test_llm_planner" name="test_an_invented_action_type_is_rejected" time="0.005" /><testcase classname="tests.plan.test_llm_planner" name="test_an_absurd_delay_is_rejected" time="0.008" /><testcase classname="tests.plan.test_llm_planner" name="test_a_negative_delay_is_rejected" time="0.005" /><testcase classname="tests.plan.test_llm_planner" name="test_unparseable_output_is_rejected" time="0.005" /><testcase classname="tests.plan.test_llm_planner" name="test_plan_falls_back_to_the_deterministic_planner_when_the_proposal_is_unusable" time="0.006" /><testcase classname="tests.plan.test_llm_planner" name="test_plan_falls_back_when_there_is_no_client_at_all" time="0.001" /><testcase classname="tests.plan.test_llm_planner" name="test_a_zero_budget_class_cannot_be_talked_into_acting" time="0.006" /><testcase classname="tests.plan.test_llm_planner" name="test_a_proposal_exactly_on_budget_is_accepted" time="0.006" /><testcase classname="tests.plan.test_llm_planner" name="test_a_plan_that_stops_and_then_acts_is_rejected" time="0.006" /><testcase classname="tests.plan.test_llm_planner" name="test_a_stop_after_everything_else_is_fine" time="0.006" /><testcase classname="tests.plan.test_llm_planner" name="test_a_plan_of_only_a_stop_is_still_accepted" time="0.007" /><testcase classname="tests.plan.test_llm_planner" name="test_a_plan_that_buries_the_remedy_behind_a_notice_is_rejected" time="0.005" /><testcase classname="tests.plan.test_llm_planner" name="test_asking_for_the_new_card_first_is_accepted" time="0.005" /><testcase classname="tests.plan.test_llm_planner" name="test_a_dead_card_plan_is_scored_on_the_remedy_not_on_retries" time="0.004" /><testcase classname="tests.plan.test_llm_planner" name="test_a_better_schedule_is_adopted" time="0.008" /><testcase classname="tests.plan.test_llm_planner" name="test_a_plan_with_no_retries_is_not_scored_out_of_existence" time="0.005" /><testcase classname="tests.plan.test_llm_planner" name="test_free_text_is_replaced_by_the_approved_template_and_kept_in_the_record" time="0.005" /><testcase classname="tests.plan.test_llm_planner" name="test_free_text_with_no_approved_template_to_substitute_is_still_rejected" time="0.004" /><testcase classname="tests.plan.test_llm_planner" name="test_the_executor_has_no_path_to_the_suppressed_text" time="0.002" /><testcase classname="tests.plan.test_llm_planner" name="test_the_policy_rule_still_refuses_live_free_text" time="0.000" /><testcase classname="tests.policy.test_authorized" name="test_the_policy_engine_can_produce_one" time="0.000" /><testcase classname="tests.policy.test_authorized" name="test_the_constructor_always_refuses" time="0.000" /><testcase classname="tests.policy.test_authorized" name="test_the_constructor_refuses_positional_arguments_too" time="0.000" /><testcase classname="tests.policy.test_authorized" name="test_the_constructor_refuses_with_no_arguments" time="0.000" /><testcase classname="tests.policy.test_authorized" name="test_dataclasses_replace_cannot_swap_the_action_of_a_real_authorization" time="0.000" /><testcase classname="tests.policy.test_authorized" name="test_there_is_no_public_helper_that_authorizes_an_arbitrary_verdict" time="0.000" /><testcase classname="tests.policy.test_authorized" name="test_a_real_authorization_cannot_be_mutated" time="0.000" /><testcase classname="tests.policy.test_authorized" name="test_copying_an_authorization_does_not_let_it_be_repointed" time="0.001" /><testcase classname="tests.policy.test_authorized" name="test_a_denying_verdict_can_never_become_an_authorization" time="0.000" /><testcase classname="tests.policy.test_authorized" name="test_the_denied_path_returns_nothing_to_execute" time="0.000" /><testcase classname="tests.policy.test_engine" name="test_a_compliant_action_is_authorized" time="0.000" /><testcase classname="tests.policy.test_engine" name="test_a_denied_action_yields_no_authorization" time="0.000" /><testcase classname="tests.policy.test_engine" name="test_the_first_failing_rule_is_the_one_reported" time="0.000" /><testcase classname="tests.policy.test_engine" name="test_the_verdict_explains_itself_in_words_a_human_can_read" time="0.000" /><testcase classname="tests.policy.test_engine" name="test_evaluation_short_circuits_at_the_first_denial" time="0.000" /><testcase classname="tests.policy.test_rules" name="test_a_message_inside_the_window_is_allowed" time="0.000" /><testcase classname="tests.policy.test_rules" name="test_a_message_at_three_in_the_morning_is_denied" time="0.000" /><testcase classname="tests.policy.test_rules" name="test_a_message_at_seven_thirty_pm_is_denied" time="0.000" /><testcase classname="tests.policy.test_rules" name="test_the_window_boundaries_are_inclusive_at_eight_and_exclusive_at_nineteen" time="0.000" /><testcase classname="tests.policy.test_rules" name="test_a_charge_retry_at_three_in_the_morning_is_fine_nobody_is_woken_up" time="0.000" /><testcase classname="tests.policy.test_rules" name="test_an_opted_out_customer_is_never_contacted" time="0.000" /><testcase classname="tests.policy.test_rules" name="test_an_opted_out_customer_can_still_be_charged_under_a_live_mandate" time="0.000" /><testcase classname="tests.policy.test_rules" name="test_two_contacts_inside_the_rate_limit_window_are_refused" time="0.000" /><testcase classname="tests.policy.test_rules" name="test_a_contact_after_the_rate_limit_window_is_allowed" time="0.000" /><testcase classname="tests.policy.test_rules" name="test_the_first_contact_is_never_rate_limited" time="0.001" /><testcase classname="tests.policy.test_rules" name="test_a_template_off_the_allowlist_is_denied" time="0.000" /><testcase classname="tests.policy.test_rules" name="test_a_message_with_no_template_at_all_is_denied" time="0.000" /><testcase classname="tests.policy.test_rules" name="test_free_text_is_denied_even_alongside_a_valid_template" time="0.000" /><testcase classname="tests.policy.test_rules" name="test_a_charge_needs_no_template" time="0.000" /><testcase classname="tests.policy.test_rules" name="test_a_pay_now_template_sent_as_a_plain_message_is_denied" time="0.001" /><testcase classname="tests.policy.test_rules" name="test_a_pay_now_link_using_the_pay_now_template_is_allowed" time="0.000" /><testcase classname="tests.policy.test_rules" name="test_a_live_promise_to_pay_suppresses_both_contact_and_charge" time="0.000" /><testcase classname="tests.policy.test_rules" name="test_an_expired_promise_to_pay_suppresses_nothing" time="0.000" /><testcase classname="tests.policy.test_rules" name="test_a_charge_beyond_the_class_budget_is_denied" time="0.000" /><testcase classname="tests.policy.test_rules" name="test_a_contact_beyond_the_class_budget_is_denied" time="0.001" /><testcase classname="tests.policy.test_rules" name="test_a_dead_card_can_never_be_charged_however_the_plan_was_built" time="0.001" /><testcase classname="tests.policy.test_rules" name="test_a_replacement_instrument_may_be_charged_once" time="0.000" /><testcase classname="tests.policy.test_rules" name="test_a_replacement_instrument_may_not_be_charged_twice" time="0.000" /><testcase classname="tests.policy.test_rules" name="test_the_bound_survives_a_caller_that_forgets_to_record_anything" time="0.000" /><testcase classname="tests.policy.test_rules" name="test_a_second_genuine_replacement_is_chargeable_again" time="0.000" /><testcase classname="tests.policy.test_rules" name="test_a_replacement_does_not_unlock_charging_for_a_risk_block" time="0.000" /><testcase classname="tests.policy.test_rules" name="test_stopping_is_always_permitted_by_every_single_rule" time="0.000" /><testcase classname="tests.policy.test_rules" name="test_escalating_to_a_human_is_also_permitted_by_every_rule" time="0.000" /><testcase classname="tests.policy.test_rules" name="test_a_risk_block_is_not_undone_by_the_customer_adding_a_new_card" time="0.000" /><testcase classname="tests.policy.test_rules" name="test_a_revoked_mandate_is_not_undone_by_the_customer_adding_a_new_card" time="0.000" /><testcase classname="tests.policy.test_rules" name="test_a_naive_timestamp_is_refused_rather_than_assumed_to_be_local" time="0.001" /><testcase classname="tests.policy.test_rules" name="test_a_time_inside_the_window_is_returned_unchanged" time="0.001" /><testcase classname="tests.policy.test_rules" name="test_a_late_evening_contact_moves_to_the_next_morning" time="0.000" /><testcase classname="tests.policy.test_rules" name="test_an_early_morning_contact_moves_to_opening_time_the_same_day" time="0.000" /><testcase classname="tests.policy.test_rules" name="test_the_window_boundaries_reschedule_correctly" time="0.000" /><testcase classname="tests.policy.test_rules" name="test_a_rescheduled_time_always_passes_the_rule_that_rejected_it" time="0.001" /><testcase classname="tests.policy.test_rules" name="test_rescheduling_is_bounded_by_a_declared_cap" time="0.000" /><testcase classname="tests.policy.test_rules" name="test_a_shortfall_may_be_offered_a_pay_now_link" time="0.000" /><testcase classname="tests.policy.test_rules" name="test_an_unknown_cause_may_be_offered_a_pay_now_link" time="0.000" /><testcase classname="tests.policy.test_rules" name="test_a_revoked_mandate_is_never_offered_a_pay_now_link" time="0.000" /><testcase classname="tests.policy.test_rules" name="test_a_risk_decline_is_never_offered_another_route_to_pay" time="0.000" /><testcase classname="tests.policy.test_rules" name="test_a_dead_card_gets_a_card_change_link_not_a_pay_now_link" time="0.000" /><testcase classname="tests.policy.test_rules" name="test_an_issuer_outage_is_not_worth_bothering_the_customer_about" time="0.000" /><testcase classname="tests.policy.test_rules" name="test_the_rule_ignores_every_other_action_type" time="0.000" /><testcase classname="tests.policy.test_rules" name="test_the_rule_is_wired_into_the_engine" time="0.000" /><testcase classname="tests.razorpay.test_config" name="test_config_loads_from_the_environment" time="0.000" /><testcase classname="tests.razorpay.test_config" name="test_a_missing_credential_is_named_in_the_error[RAZORPAY_KEY_ID]" time="0.000" /><testcase classname="tests.razorpay.test_config" name="test_a_missing_credential_is_named_in_the_error[RAZORPAY_KEY_SECRET]" time="0.000" /><testcase classname="tests.razorpay.test_config" name="test_a_missing_credential_is_named_in_the_error[RAZORPAY_WEBHOOK_SECRET]" time="0.000" /><testcase classname="tests.razorpay.test_config" name="test_an_empty_credential_counts_as_missing" time="0.000" /><testcase classname="tests.razorpay.test_config" name="test_a_live_key_is_refused" time="0.000" /><testcase classname="tests.razorpay.test_config" name="test_test_mode_is_detected_from_the_key_prefix" time="0.000" /><testcase classname="tests.razorpay.test_config" name="test_secrets_never_appear_in_the_repr" time="0.000" /><testcase classname="tests.razorpay.test_config" name="test_secrets_never_appear_in_the_string_form" time="0.000" /><testcase classname="tests.razorpay.test_config" name="test_a_dotenv_file_is_read_without_exporting_anything" time="0.008" /><testcase classname="tests.razorpay.test_config" name="test_a_missing_dotenv_is_not_an_error" time="0.005" /><testcase classname="tests.razorpay.test_config" name="test_an_exported_variable_beats_a_stale_line_in_the_file" time="0.009" /><testcase classname="tests.razorpay.test_config" name="test_the_file_supplies_what_the_environment_lacks" time="0.007" /><testcase classname="tests.razorpay.test_entity_shape_contract" name="test_the_recording_exists_and_covers_both_entities" time="0.000" /><testcase classname="tests.razorpay.test_entity_shape_contract" name="test_the_recording_holds_no_values_only_names_and_types" time="0.000" /><testcase classname="tests.razorpay.test_entity_shape_contract" name="test_production_never_reads_a_field_the_api_does_not_send[plan-['item']]" time="0.001" /><testcase classname="tests.razorpay.test_entity_shape_contract" name="test_production_never_reads_a_field_the_api_does_not_send[subscription-['plan_id', 'custome]" time="0.001" /><testcase classname="tests.razorpay.test_entity_shape_contract" name="test_the_fakes_invent_no_field_the_real_entity_lacks[subscription]" time="0.001" /><testcase classname="tests.razorpay.test_entity_shape_contract" name="test_the_fakes_invent_no_field_the_real_entity_lacks[plan]" time="0.001" /><testcase classname="tests.razorpay.test_entity_shape_contract" name="test_the_fakes_give_every_field_the_type_the_api_gives_it[subscription]" time="0.001" /><testcase classname="tests.razorpay.test_entity_shape_contract" name="test_the_fakes_give_every_field_the_type_the_api_gives_it[plan]" time="0.000" /><testcase classname="tests.razorpay.test_payment_links" name="test_a_link_is_created_with_delivery_off_by_default" time="0.001" /><testcase classname="tests.razorpay.test_payment_links" name="test_delivery_must_be_asked_for_explicitly" time="0.000" /><testcase classname="tests.razorpay.test_payment_links" name="test_the_writer_refuses_live_credentials" time="0.000" /><testcase classname="tests.razorpay.test_payment_links" name="test_amounts_are_paise_and_never_rounded" time="0.000" /><testcase classname="tests.razorpay.test_payment_links" name="test_cancel_reports_whether_the_link_actually_cancelled" time="0.000" /><testcase classname="tests.razorpay.test_payment_links" name="test_a_created_link_is_recorded_in_the_audit_log" time="0.028" /><testcase classname="tests.razorpay.test_payment_links" name="test_the_real_rail_never_claims_a_link_was_paid" time="0.000" /><testcase classname="tests.razorpay.test_payment_links" name="test_a_subscription_with_no_contact_gets_no_link_and_no_guess" time="0.019" /><testcase classname="tests.razorpay.test_payment_links" name="test_no_links_writer_means_no_link_is_attempted" time="0.001" /><testcase classname="tests.razorpay.test_payment_links" name="test_a_missing_plan_id_is_never_guessed" time="0.026" /><testcase classname="tests.razorpay.test_payment_links" name="test_the_writer_sees_the_real_amount_and_reference" time="0.001" /><testcase classname="tests.razorpay.test_payment_links" name="test_the_rail_still_refuses_to_be_built_on_a_live_config" time="0.000" /><testcase classname="tests.razorpay.test_payment_links" name="test_the_amount_is_read_through_the_plan_not_the_subscription" time="0.001" /><testcase classname="tests.razorpay.test_payment_links" name="test_the_customer_contact_is_read_from_the_flat_subscription_fields" time="0.000" /><testcase classname="tests.razorpay.test_payment_links" name="test_a_plan_that_cannot_be_fetched_yields_no_link_and_no_guess" time="0.025" /><testcase classname="tests.razorpay.test_payment_links" name="test_a_missing_phone_is_omitted_not_sent_as_an_empty_string" time="0.001" /><testcase classname="tests.razorpay.test_payment_links" name="test_a_missing_email_is_omitted_not_sent_as_an_empty_string" time="0.000" /><testcase classname="tests.razorpay.test_payment_links" name="test_a_customer_with_no_name_anywhere_sends_no_name_key" time="0.000" /><testcase classname="tests.razorpay.test_payment_links" name="test_a_full_contact_still_sends_every_field" time="0.000" /><testcase classname="tests.razorpay.test_payment_links" name="test_declining_to_assert_payment_is_itself_recorded" time="0.025" /><testcase classname="tests.razorpay.test_payment_links" name="test_the_delivery_record_does_not_appear_without_an_audit_log" time="0.000" /><testcase classname="tests.razorpay.test_setup_script" name="test_the_setup_creates_a_plan_and_a_subscription" time="0.000" /><testcase classname="tests.razorpay.test_setup_script" name="test_the_plan_is_created_in_paise_and_inr" time="0.000" /><testcase classname="tests.razorpay.test_setup_script" name="test_the_plan_bills_monthly_so_a_retry_cycle_is_observable" time="0.000" /><testcase classname="tests.razorpay.test_setup_script" name="test_the_subscription_references_the_new_plan" time="0.000" /><testcase classname="tests.razorpay.test_setup_script" name="test_the_subscription_total_count_is_configurable" time="0.031" /><testcase classname="tests.razorpay.test_setup_script" name="test_a_zero_or_negative_amount_is_refused" time="0.001" /><testcase classname="tests.razorpay.test_setup_script" name="test_a_subscription_response_with_no_short_url_yields_an_empty_auth_url" time="0.000" /><testcase classname="tests.report.test_metrics" name="test_the_zero_retry_classes_are_the_three_a_retry_cannot_fix" time="0.000" /><testcase classname="tests.report.test_metrics" name="test_terminal_states_are_counted" time="0.001" /><testcase classname="tests.report.test_metrics" name="test_voluntary_churn_leaves_the_recovery_denominator" time="0.000" /><testcase classname="tests.report.test_metrics" name="test_an_all_voluntary_cohort_reports_a_zero_rate_rather_than_dividing_by_zero" time="0.000" /><testcase classname="tests.report.test_metrics" name="test_net_recovery_is_gross_minus_every_rupee_spent" time="0.000" /><testcase classname="tests.report.test_metrics" name="test_attempts_per_recovery_uses_charge_attempts_only" time="0.000" /><testcase classname="tests.report.test_metrics" name="test_attempts_per_recovery_is_zero_when_nothing_recovered" time="0.000" /><testcase classname="tests.report.test_metrics" name="test_wasted_attempts_are_those_spent_on_causes_a_retry_cannot_fix" time="0.000" /><testcase classname="tests.report.test_metrics" name="test_a_recovered_subject_never_counts_as_wasted" time="0.000" /><testcase classname="tests.report.test_metrics" name="test_mean_time_to_recovery_is_measured_from_each_subjects_own_failure" time="0.000" /><testcase classname="tests.report.test_metrics" name="test_mean_time_to_recovery_is_zero_when_nothing_recovered" time="0.000" /><testcase classname="tests.report.test_metrics" name="test_the_comparison_states_money_and_rate_side_by_side" time="0.000" /><testcase classname="tests.report.test_metrics" name="test_the_comparison_reports_attempts_saved_as_a_negative_delta" time="0.000" /><testcase classname="tests.report.test_metrics" name="test_wasted_attempt_reduction_is_a_share_of_what_the_control_wasted" time="0.000" /><testcase classname="tests.report.test_metrics" name="test_wasted_attempt_reduction_is_zero_when_the_control_wasted_nothing" time="0.000" /><testcase classname="tests.report.test_metrics" name="test_efficiency_metrics_count_charges_and_ignore_messages" time="0.000" /><testcase classname="tests.report.test_metrics" name="test_a_wasted_attempt_is_a_charge_not_a_message" time="0.000" /><testcase classname="tests.report.test_metrics" name="test_money_is_broken_down_by_failure_class" time="0.000" /><testcase classname="tests.report.test_metrics" name="test_every_class_appears_even_when_it_recovered_nothing" time="0.000" /><testcase classname="tests.report.test_metrics" name="test_the_class_breakdown_sums_to_the_total" time="0.000" /><testcase classname="tests.report.test_metrics" name="test_money_is_broken_down_by_the_mechanism_that_earned_it" time="0.000" /><testcase classname="tests.report.test_metrics" name="test_an_unrecovered_subject_contributes_nothing_to_the_mechanism_breakdown" time="0.000" /><testcase classname="tests.report.test_metrics" name="test_the_mechanism_breakdown_sums_to_the_total" time="0.000" /><testcase classname="tests.report.test_metrics" name="test_money_is_available_per_failed_charge_not_only_in_total" time="0.000" /><testcase classname="tests.report.test_metrics" name="test_per_subject_money_is_zero_rather_than_a_crash_on_an_empty_arm" time="0.000" /><testcase classname="tests.report.test_render" name="test_rupees_are_formatted_exactly[0-\u20b90.00]" time="0.001" /><testcase classname="tests.report.test_render" name="test_rupees_are_formatted_exactly[5-\u20b90.05]" time="0.001" /><testcase classname="tests.report.test_render" name="test_rupees_are_formatted_exactly[99900-\u20b9999.00]" time="0.001" /><testcase classname="tests.report.test_render" name="test_rupees_are_formatted_exactly[199900-\u20b91,999.00]" time="0.001" /><testcase classname="tests.report.test_render" name="test_rupees_are_formatted_exactly[100000000-\u20b910,00,000.00]" time="0.001" /><testcase classname="tests.report.test_render" name="test_rupees_are_formatted_exactly[-940--\u20b99.40]" time="0.000" /><testcase classname="tests.report.test_render" name="test_the_report_leads_with_money" time="6.681" /><testcase classname="tests.report.test_render" name="test_the_report_names_both_arms" time="0.002" /><testcase classname="tests.report.test_render" name="test_the_report_prints_every_band" time="0.001" /><testcase classname="tests.report.test_render" name="test_the_report_states_whether_each_finding_survives" time="0.001" /><testcase classname="tests.report.test_render" name="test_a_finding_that_does_not_survive_is_labelled_as_such" time="0.001" /><testcase classname="tests.report.test_render" name="test_the_report_prints_the_declared_assumptions" time="0.001" /><testcase classname="tests.report.test_render" name="test_the_report_prints_the_seed_and_the_configuration_hash" time="0.001" /><testcase classname="tests.report.test_render" name="test_the_report_states_the_baseline_it_compared_against" time="0.001" /><testcase classname="tests.report.test_render" name="test_the_report_never_claims_a_lift_the_sweep_rejected" time="0.001" /><testcase classname="tests.report.test_render" name="test_the_bundle_writes_the_report_and_the_machine_readable_sweep" time="0.270" /><testcase classname="tests.report.test_render" name="test_the_bundle_sweep_json_round_trips" time="0.222" /><testcase classname="tests.report.test_render" name="test_the_bundle_exports_the_audit_trails_for_both_arms" time="0.214" /><testcase classname="tests.report.test_render" name="test_the_report_says_which_cause_carries_the_lift" time="0.001" /><testcase classname="tests.report.test_render" name="test_the_report_shows_how_far_up_the_ladder_recoveries_happened" time="0.001" /><testcase classname="tests.report.test_render" name="test_the_report_shows_what_actually_earned_the_money" time="0.001" /><testcase classname="tests.report.test_render" name="test_the_report_declares_the_pay_now_conversion_it_assumed" time="0.001" /><testcase classname="tests.report.test_render" name="test_the_report_prints_the_measurement_inputs_hash" time="0.001" /><testcase classname="tests.report.test_render" name="test_the_report_states_the_per_charge_economics" time="0.001" /><testcase classname="tests.scripts.test_build_console" name="test_the_headline_is_read_from_the_bundle_not_recomputed" time="0.003" /><testcase classname="tests.scripts.test_build_console" name="test_every_cause_carries_an_explicit_sign" time="0.000" /><testcase classname="tests.scripts.test_build_console" name="test_the_causes_where_it_loses_are_present_and_negative" time="0.001" /><testcase classname="tests.scripts.test_build_console" name="test_the_grid_is_three_bands_by_four_cohorts" time="0.000" /><testcase classname="tests.scripts.test_build_console" name="test_the_grid_marks_whether_each_cell_clears_the_target" time="0.001" /><testcase classname="tests.scripts.test_build_console" name="test_a_cell_below_target_is_marked_as_missing_it" time="0.003" /><testcase classname="tests.scripts.test_build_console" name="test_the_mechanism_split_sums_to_gross_recovered" time="0.001" /><testcase classname="tests.scripts.test_build_dashboard" name="test_a_test_the_run_never_touched_is_notrun_rather_than_passed" time="0.000" /><testcase classname="tests.scripts.test_build_dashboard" name="test_the_run_count_never_exceeds_what_the_suite_defines" time="0.000" /><testcase classname="tests.scripts.test_build_dashboard" name="test_a_failure_is_counted_as_failed_and_not_folded_into_passed" time="0.000" /><testcase classname="tests.scripts.test_build_dashboard" name="test_junit_states_map_to_distinct_statuses[&lt;testcase name=&quot;t&quot; time=&quot;0.1&quot;/&gt;-passed]" time="0.001" /><testcase classname="tests.scripts.test_build_dashboard" name="test_junit_states_map_to_distinct_statuses[&lt;testcase name=&quot;t&quot; time=&quot;0.1&quot;&gt;&lt;failure message=&quot;no&quot;/&gt;&lt;/testcase&gt;-failed]" time="0.001" /><testcase classname="tests.scripts.test_build_dashboard" name="test_junit_states_map_to_distinct_statuses[&lt;testcase name=&quot;t&quot; time=&quot;0.1&quot;&gt;&lt;error message=&quot;boom&quot;/&gt;&lt;/testcase&gt;-error]" time="0.001" /><testcase classname="tests.scripts.test_build_dashboard" name="test_junit_states_map_to_distinct_statuses[&lt;testcase name=&quot;t&quot;&gt;&lt;skipped type=&quot;pytest.xfail&quot;/&gt;&lt;/testcase&gt;-xfailed]" time="0.001" /><testcase classname="tests.scripts.test_build_dashboard" name="test_junit_states_map_to_distinct_statuses[&lt;testcase name=&quot;t&quot;&gt;&lt;skipped type=&quot;pytest.skip&quot;/&gt;&lt;/testcase&gt;-skipped]" time="0.001" /><testcase classname="tests.scripts.test_build_dashboard" name="test_reading_a_junit_file_keeps_each_test_s_own_duration" time="0.010" /><testcase classname="tests.scripts.test_build_dashboard" name="test_an_ablation_table_that_stopped_parsing_fails_loudly" time="0.001" /><testcase classname="tests.scripts.test_build_dashboard" name="test_the_page_reads_rates_as_percentages_not_fractions" time="0.001" /><testcase classname="tests.scripts.test_demo" name="test_the_demo_picks_the_most_recent_failed_payment" time="0.000" /><testcase classname="tests.scripts.test_demo" name="test_an_account_with_no_failed_payment_says_so_instead_of_inventing_one" time="0.000" /><testcase classname="tests.scripts.test_demo" name="test_the_narration_names_the_cause_the_plan_and_the_rule" time="0.025" /><testcase classname="tests.scripts.test_demo" name="test_the_narration_reads_only_what_the_log_recorded" time="0.026" /><testcase classname="tests.scripts.test_demo" name="test_a_dry_run_replays_the_recorded_transcript_without_a_network" time="0.002"><skipped type="pytest.xfail" message="transcript recorded in Step 8" /></testcase><testcase classname="tests.scripts.test_demo" name="test_the_link_is_still_created_when_the_demo_runs_after_hours" time="0.039" /><testcase classname="tests.scripts.test_replay" name="test_the_replay_is_in_recorded_order" time="0.053" /><testcase classname="tests.scripts.test_replay" name="test_every_block_names_the_rule_that_caused_it" time="0.037" /><testcase classname="tests.scripts.test_replay" name="test_a_subject_with_no_records_says_so_rather_than_printing_nothing" time="0.035" /><testcase classname="tests.scripts.test_run_experiment" name="test_a_freeze_records_the_measurement_inputs" time="0.280" /><testcase classname="tests.scripts.test_run_experiment" name="test_an_edited_prompt_refuses_to_publish_and_names_itself" time="0.271" /><testcase classname="tests.scripts.test_run_experiment" name="test_the_refusal_happens_before_the_experiment_runs" time="0.289" /><testcase classname="tests.scripts.test_run_experiment" name="test_re_freezing_is_how_a_deliberate_change_is_registered" time="0.502" /><testcase classname="tests.scripts.test_run_experiment" name="test_no_frozen_file_means_no_guard_to_trip" time="0.254" /><testcase classname="tests.scripts.test_scan" name="test_an_actionable_signal_is_labelled_actionable" time="0.001" /><testcase classname="tests.scripts.test_scan" name="test_an_unactionable_signal_is_shown_and_labelled_unhandled_not_hidden" time="0.001" /><testcase classname="tests.scripts.test_scan" name="test_every_signal_shows_kind_entity_amount_age_and_detail" time="0.001" /><testcase classname="tests.scripts.test_scan" name="test_the_total_at_risk_is_printed_using_format_rupees" time="0.001" /><testcase classname="tests.scripts.test_scan" name="test_main_prints_the_rendered_signals_without_touching_the_network" time="0.001" /><testcase classname="tests.scripts.test_scan" name="test_nothing_in_the_scan_script_can_write" time="0.001" /><testcase classname="tests.scripts.test_scan" name="test_a_single_signal_formats_kind_entity_amount_age_actionable_and_detail" time="0.001" /></testsuite></testsuites>